<?xml version="1.0" encoding="UTF-8"?>
<testng-results ignored="0" total="19" passed="19" failed="0" skipped="0">
  <reporter-output>
  </reporter-output>
  <suite started-at="2024-06-08T22:12:44 IST" name="MovieAppTestPage" finished-at="2024-06-08T22:13:51 IST" duration-ms="67560">
    <groups>
      <group name="cucumber">
        <method signature="AbstractTestNGCucumberTests.runScenario(io.cucumber.testng.PickleWrapper,io.cucumber.testng.FeatureWrapper)[pri:0, instance:TestRunner@48e4374]" name="runScenario" class="io.cucumber.testng.AbstractTestNGCucumberTests"/>
      </group> <!-- cucumber -->
    </groups>
    <test started-at="2024-06-08T22:12:44 IST" name="MovieAppTestPage" finished-at="2024-06-08T22:13:51 IST" duration-ms="67560">
      <class name="TestRunner">
        <test-method is-config="true" signature="setUpClass(org.testng.ITestContext)[pri:0, instance:TestRunner@48e4374]" started-at="2024-06-08T22:12:44 IST" name="setUpClass" finished-at="2024-06-08T22:12:44 IST" duration-ms="362" status="PASS">
          <params>
            <param index="0">
              <value>
                <![CDATA[org.testng.TestRunner@74f0ea28]]>
              </value>
            </param>
          </params>
          <reporter-output>
          </reporter-output>
        </test-method> <!-- setUpClass -->
        <test-method signature="runScenario(io.cucumber.testng.PickleWrapper,io.cucumber.testng.FeatureWrapper)[pri:0, instance:TestRunner@48e4374]" started-at="2024-06-08T22:12:44 IST" name="runScenario" description="Runs Cucumber Scenarios" data-provider="scenarios" finished-at="2024-06-08T22:12:51 IST" duration-ms="6799" status="PASS">
          <params>
            <param index="0">
              <value>
                <![CDATA["Test all the UI elements present on the web page"]]>
              </value>
            </param>
            <param index="1">
              <value>
                <![CDATA["Account page functionality"]]>
              </value>
            </param>
          </params>
          <reporter-output>
          </reporter-output>
        </test-method> <!-- runScenario -->
        <test-method signature="runScenario(io.cucumber.testng.PickleWrapper,io.cucumber.testng.FeatureWrapper)[pri:0, instance:TestRunner@48e4374]" started-at="2024-06-08T22:12:51 IST" name="runScenario" description="Runs Cucumber Scenarios" data-provider="scenarios" finished-at="2024-06-08T22:12:54 IST" duration-ms="3384" status="PASS">
          <params>
            <param index="0">
              <value>
                <![CDATA["Test the Logout functionality"]]>
              </value>
            </param>
            <param index="1">
              <value>
                <![CDATA["Account page functionality"]]>
              </value>
            </param>
          </params>
          <reporter-output>
          </reporter-output>
        </test-method> <!-- runScenario -->
        <test-method signature="runScenario(io.cucumber.testng.PickleWrapper,io.cucumber.testng.FeatureWrapper)[pri:0, instance:TestRunner@48e4374]" started-at="2024-06-08T22:12:54 IST" name="runScenario" description="Runs Cucumber Scenarios" data-provider="scenarios" finished-at="2024-06-08T22:12:57 IST" duration-ms="2802" status="PASS">
          <params>
            <param index="0">
              <value>
                <![CDATA["Test the Header Section UI"]]>
              </value>
            </param>
            <param index="1">
              <value>
                <![CDATA["Test Header section functionality"]]>
              </value>
            </param>
          </params>
          <reporter-output>
          </reporter-output>
        </test-method> <!-- runScenario -->
        <test-method signature="runScenario(io.cucumber.testng.PickleWrapper,io.cucumber.testng.FeatureWrapper)[pri:0, instance:TestRunner@48e4374]" started-at="2024-06-08T22:12:57 IST" name="runScenario" description="Runs Cucumber Scenarios" data-provider="scenarios" finished-at="2024-06-08T22:13:01 IST" duration-ms="3782" status="PASS">
          <params>
            <param index="0">
              <value>
                <![CDATA["Test the Header Section Functionalities"]]>
              </value>
            </param>
            <param index="1">
              <value>
                <![CDATA["Test Header section functionality"]]>
              </value>
            </param>
          </params>
          <reporter-output>
          </reporter-output>
        </test-method> <!-- runScenario -->
        <test-method signature="runScenario(io.cucumber.testng.PickleWrapper,io.cucumber.testng.FeatureWrapper)[pri:0, instance:TestRunner@48e4374]" started-at="2024-06-08T22:13:01 IST" name="runScenario" description="Runs Cucumber Scenarios" data-provider="scenarios" finished-at="2024-06-08T22:13:04 IST" duration-ms="2748" status="PASS">
          <params>
            <param index="0">
              <value>
                <![CDATA["Verify Home Page Elements"]]>
              </value>
            </param>
            <param index="1">
              <value>
                <![CDATA["Home Page Functionality Verification"]]>
              </value>
            </param>
          </params>
          <reporter-output>
          </reporter-output>
        </test-method> <!-- runScenario -->
        <test-method signature="runScenario(io.cucumber.testng.PickleWrapper,io.cucumber.testng.FeatureWrapper)[pri:0, instance:TestRunner@48e4374]" started-at="2024-06-08T22:13:04 IST" name="runScenario" description="Runs Cucumber Scenarios" data-provider="scenarios" finished-at="2024-06-08T22:13:07 IST" duration-ms="2853" status="PASS">
          <params>
            <param index="0">
              <value>
                <![CDATA["Verify Movies Section"]]>
              </value>
            </param>
            <param index="1">
              <value>
                <![CDATA["Home Page Functionality Verification"]]>
              </value>
            </param>
          </params>
          <reporter-output>
          </reporter-output>
        </test-method> <!-- runScenario -->
        <test-method signature="runScenario(io.cucumber.testng.PickleWrapper,io.cucumber.testng.FeatureWrapper)[pri:0, instance:TestRunner@48e4374]" started-at="2024-06-08T22:13:07 IST" name="runScenario" description="Runs Cucumber Scenarios" data-provider="scenarios" finished-at="2024-06-08T22:13:09 IST" duration-ms="2751" status="PASS">
          <params>
            <param index="0">
              <value>
                <![CDATA["Verify Contact Us Section"]]>
              </value>
            </param>
            <param index="1">
              <value>
                <![CDATA["Home Page Functionality Verification"]]>
              </value>
            </param>
          </params>
          <reporter-output>
          </reporter-output>
        </test-method> <!-- runScenario -->
        <test-method signature="runScenario(io.cucumber.testng.PickleWrapper,io.cucumber.testng.FeatureWrapper)[pri:0, instance:TestRunner@48e4374]" started-at="2024-06-08T22:13:09 IST" name="runScenario" description="Runs Cucumber Scenarios" data-provider="scenarios" finished-at="2024-06-08T22:13:11 IST" duration-ms="2016" status="PASS">
          <params>
            <param index="0">
              <value>
                <![CDATA["Test the login page UI"]]>
              </value>
            </param>
            <param index="1">
              <value>
                <![CDATA["Login page Functionality"]]>
              </value>
            </param>
          </params>
          <reporter-output>
          </reporter-output>
        </test-method> <!-- runScenario -->
        <test-method signature="runScenario(io.cucumber.testng.PickleWrapper,io.cucumber.testng.FeatureWrapper)[pri:0, instance:TestRunner@48e4374]" started-at="2024-06-08T22:13:11 IST" name="runScenario" description="Runs Cucumber Scenarios" data-provider="scenarios" finished-at="2024-06-08T22:13:14 IST" duration-ms="2941" status="PASS">
          <params>
            <param index="0">
              <value>
                <![CDATA["Test the Login Page Functionalities"]]>
              </value>
            </param>
            <param index="1">
              <value>
                <![CDATA["Login page Functionality"]]>
              </value>
            </param>
          </params>
          <reporter-output>
          </reporter-output>
        </test-method> <!-- runScenario -->
        <test-method signature="runScenario(io.cucumber.testng.PickleWrapper,io.cucumber.testng.FeatureWrapper)[pri:0, instance:TestRunner@48e4374]" started-at="2024-06-08T22:13:14 IST" name="runScenario" description="Runs Cucumber Scenarios" data-provider="scenarios" finished-at="2024-06-08T22:13:17 IST" duration-ms="2927" status="PASS">
          <params>
            <param index="0">
              <value>
                <![CDATA["Test with empty username"]]>
              </value>
            </param>
            <param index="1">
              <value>
                <![CDATA["Login page Functionality"]]>
              </value>
            </param>
          </params>
          <reporter-output>
          </reporter-output>
        </test-method> <!-- runScenario -->
        <test-method signature="runScenario(io.cucumber.testng.PickleWrapper,io.cucumber.testng.FeatureWrapper)[pri:0, instance:TestRunner@48e4374]" started-at="2024-06-08T22:13:17 IST" name="runScenario" description="Runs Cucumber Scenarios" data-provider="scenarios" finished-at="2024-06-08T22:13:20 IST" duration-ms="2802" status="PASS">
          <params>
            <param index="0">
              <value>
                <![CDATA["Test with empty password"]]>
              </value>
            </param>
            <param index="1">
              <value>
                <![CDATA["Login page Functionality"]]>
              </value>
            </param>
          </params>
          <reporter-output>
          </reporter-output>
        </test-method> <!-- runScenario -->
        <test-method signature="runScenario(io.cucumber.testng.PickleWrapper,io.cucumber.testng.FeatureWrapper)[pri:0, instance:TestRunner@48e4374]" started-at="2024-06-08T22:13:20 IST" name="runScenario" description="Runs Cucumber Scenarios" data-provider="scenarios" finished-at="2024-06-08T22:13:23 IST" duration-ms="3403" status="PASS">
          <params>
            <param index="0">
              <value>
                <![CDATA["Test with invalid credentials"]]>
              </value>
            </param>
            <param index="1">
              <value>
                <![CDATA["Login page Functionality"]]>
              </value>
            </param>
          </params>
          <reporter-output>
          </reporter-output>
        </test-method> <!-- runScenario -->
        <test-method signature="runScenario(io.cucumber.testng.PickleWrapper,io.cucumber.testng.FeatureWrapper)[pri:0, instance:TestRunner@48e4374]" started-at="2024-06-08T22:13:23 IST" name="runScenario" description="Runs Cucumber Scenarios" data-provider="scenarios" finished-at="2024-06-08T22:13:26 IST" duration-ms="2738" status="PASS">
          <params>
            <param index="0">
              <value>
                <![CDATA["Test with valid credentials"]]>
              </value>
            </param>
            <param index="1">
              <value>
                <![CDATA["Login page Functionality"]]>
              </value>
            </param>
          </params>
          <reporter-output>
          </reporter-output>
        </test-method> <!-- runScenario -->
        <test-method signature="runScenario(io.cucumber.testng.PickleWrapper,io.cucumber.testng.FeatureWrapper)[pri:0, instance:TestRunner@48e4374]" started-at="2024-06-08T22:13:26 IST" name="runScenario" description="Runs Cucumber Scenarios" data-provider="scenarios" finished-at="2024-06-08T22:13:31 IST" duration-ms="4362" status="PASS">
          <params>
            <param index="0">
              <value>
                <![CDATA["Test the Movie Details On Home Page"]]>
              </value>
            </param>
            <param index="1">
              <value>
                <![CDATA["Movies details page functionality"]]>
              </value>
            </param>
          </params>
          <reporter-output>
          </reporter-output>
        </test-method> <!-- runScenario -->
        <test-method signature="runScenario(io.cucumber.testng.PickleWrapper,io.cucumber.testng.FeatureWrapper)[pri:0, instance:TestRunner@48e4374]" started-at="2024-06-08T22:13:31 IST" name="runScenario" description="Runs Cucumber Scenarios" data-provider="scenarios" finished-at="2024-06-08T22:13:36 IST" duration-ms="5032" status="PASS">
          <params>
            <param index="0">
              <value>
                <![CDATA["Test the Movie Details On Popular Page"]]>
              </value>
            </param>
            <param index="1">
              <value>
                <![CDATA["Movies details page functionality"]]>
              </value>
            </param>
          </params>
          <reporter-output>
          </reporter-output>
        </test-method> <!-- runScenario -->
        <test-method signature="runScenario(io.cucumber.testng.PickleWrapper,io.cucumber.testng.FeatureWrapper)[pri:0, instance:TestRunner@48e4374]" started-at="2024-06-08T22:13:36 IST" name="runScenario" description="Runs Cucumber Scenarios" data-provider="scenarios" finished-at="2024-06-08T22:13:40 IST" duration-ms="4537" status="PASS">
          <params>
            <param index="0">
              <value>
                <![CDATA["Test whether the movies are displayed"]]>
              </value>
            </param>
            <param index="1">
              <value>
                <![CDATA["Popular Page Details"]]>
              </value>
            </param>
          </params>
          <reporter-output>
          </reporter-output>
        </test-method> <!-- runScenario -->
        <test-method signature="runScenario(io.cucumber.testng.PickleWrapper,io.cucumber.testng.FeatureWrapper)[pri:0, instance:TestRunner@48e4374]" started-at="2024-06-08T22:13:40 IST" name="runScenario" description="Runs Cucumber Scenarios" data-provider="scenarios" finished-at="2024-06-08T22:13:44 IST" duration-ms="3828" status="PASS">
          <params>
            <param index="0">
              <value>
                <![CDATA["Verify movie details page"]]>
              </value>
            </param>
            <param index="1">
              <value>
                <![CDATA["Popular Page Details"]]>
              </value>
            </param>
          </params>
          <reporter-output>
          </reporter-output>
        </test-method> <!-- runScenario -->
        <test-method signature="runScenario(io.cucumber.testng.PickleWrapper,io.cucumber.testng.FeatureWrapper)[pri:0, instance:TestRunner@48e4374]" started-at="2024-06-08T22:13:44 IST" name="runScenario" description="Runs Cucumber Scenarios" data-provider="scenarios" finished-at="2024-06-08T22:13:48 IST" duration-ms="3998" status="PASS">
          <params>
            <param index="0">
              <value>
                <![CDATA["Searching for movies by name"]]>
              </value>
            </param>
            <param index="1">
              <value>
                <![CDATA["Search page functionality"]]>
              </value>
            </param>
          </params>
          <reporter-output>
          </reporter-output>
        </test-method> <!-- runScenario -->
        <test-method signature="runScenario(io.cucumber.testng.PickleWrapper,io.cucumber.testng.FeatureWrapper)[pri:0, instance:TestRunner@48e4374]" started-at="2024-06-08T22:13:48 IST" name="runScenario" description="Runs Cucumber Scenarios" data-provider="scenarios" finished-at="2024-06-08T22:13:51 IST" duration-ms="3446" status="PASS">
          <params>
            <param index="0">
              <value>
                <![CDATA["Search for non-existent movie"]]>
              </value>
            </param>
            <param index="1">
              <value>
                <![CDATA["Search page functionality"]]>
              </value>
            </param>
          </params>
          <reporter-output>
          </reporter-output>
        </test-method> <!-- runScenario -->
        <test-method is-config="true" signature="tearDownClass()[pri:0, instance:TestRunner@48e4374]" started-at="2024-06-08T22:13:51 IST" name="tearDownClass" finished-at="2024-06-08T22:13:51 IST" duration-ms="0" status="PASS">
          <reporter-output>
          </reporter-output>
        </test-method> <!-- tearDownClass -->
      </class> <!-- TestRunner -->
    </test> <!-- MovieAppTestPage -->
  </suite> <!-- MovieAppTestPage -->
</testng-results>
